{
  "RSpec": {
    "coverage": {
      "/home/ConnorMul/tic-tac-toe-rb-ruby-apply-000/lib/tic_tac_toe.rb": [
        1,
        null,
        1,
        26,
        26,
        26,
        26,
        26,
        null,
        null,
        1,
        9340,
        null,
        null,
        1,
        24,
        null,
        null,
        1,
        0,
        null,
        null,
        1,
        9340,
        null,
        null,
        1,
        9338,
        9337,
        9337,
        9337,
        21,
        21,
        null,
        9316,
        null,
        null,
        null,
        1,
        12,
        11,
        2,
        9,
        5,
        null,
        null,
        null,
        null,
        1,
        9424,
        null,
        null,
        null,
        1,
        null,
        null,
        null,
        null,
        null,
        null,
        null,
        null,
        null,
        null,
        1,
        41,
        261,
        null,
        null,
        null,
        null,
        null,
        1,
        193,
        null,
        null,
        1,
        16,
        null,
        null,
        1,
        23,
        null,
        null,
        1,
        7,
        6,
        null,
        null,
        null,
        1,
        230,
        null,
        null,
        1,
        22,
        null
      ]
    },
    "timestamp": 1600055263
  }
}
