{
  "RSpec": {
    "coverage": {
      "/home/ConnorMul/tic-tac-toe-rb-ruby-apply-000/lib/tic_tac_toe.rb": [
        1,
        5,
        5,
        5,
        5,
        5,
        null,
        null,
        1,
        3,
        null,
        null,
        1,
        4,
        null,
        null,
        1,
        0,
        null,
        null,
        1,
        3,
        null,
        null,
        null,
        null,
        null,
        null,
        null,
        null,
        null,
        null,
        null,
        null,
        null,
        null,
        1,
        12,
        12,
        12,
        0,
        null,
        null,
        null,
        null,
        1,
        13,
        null,
        null,
        null,
        1,
        null,
        null,
        null,
        null,
        null,
        null,
        null,
        null,
        null,
        null,
        1,
        10,
        70,
        null,
        null,
        null,
        null,
        null,
        1,
        59,
        null,
        null,
        1,
        5,
        null,
        null,
        1,
        3,
        null,
        null,
        1,
        3,
        2,
        null,
        null
      ]
    },
    "timestamp": 1600053521
  }
}
